Case #1: [E, A]
Case #2: [R, I, R]
Case #3: [F, D, T]
Case #4: [R, A]
Case #5: []
Case #6: []
Case #7: []
Case #8: [A, E, R, G, D, G]
Case #9: []
Case #10: [S, Q, B, D, A, Q, Q, S, D]
Case #11: [D, E, E, A, R, G, G, R]
Case #12: [Q, E, A, A, R, Q, T, E, E]
Case #13: []
Case #14: [S, R, S, R, R, P, Q, S, Q]
Case #15: [R, D, A, F, D, Q, I, E, Q]
Case #16: []
Case #17: [S, T, S, E, S, E, E, A, S]
Case #18: [Q]
Case #19: [O, Q]
Case #20: [R, S, Q]
Case #21: [C, E, R, Q, D, S, E, D, Q]
Case #22: [Q, D]
Case #23: [D, D, N, F, A, F, A]
Case #24: [A, E, F, X]
Case #25: [Q]
Case #26: [E, R, J, F, D, E]
Case #27: [S, S, S, S, K]
Case #28: [A, S, S, F, E, A, X, Q, A]
Case #29: [S, T, E]
Case #30: [Q, A, Z]
Case #31: [S]
Case #32: [H, A, H, D, A]
Case #33: []
Case #34: [W, A, S, W, T, S, E, W, D]
Case #35: []
Case #36: [F, E, F, D, A]
Case #37: [F, X, S, Q]
Case #38: [L, L, A, F, E]
Case #39: [F, W, D, N, D, D]
Case #40: [A]
Case #41: [R, E, N, E, S, S]
Case #42: [F, M, S, D, M]
Case #43: []
Case #44: [A, R, T, E, Q, W, W]
Case #45: [F, D]
Case #46: [D, A, B, S, D, Q, Q, D, Q]
Case #47: []
Case #48: [D, S, R, F, Q, R, J, D, W]
Case #49: []
Case #50: []
Case #51: [Q]
Case #52: [W, E, Q]
Case #53: [S, R]
Case #54: [F, R, F, I]
Case #55: [A]
Case #56: [A, W, U, F, F, D, E, W, D]
Case #57: [E, Q, R, E, U, W, R, F, R]
Case #58: [M, E, D, E, A, S, D, D, R]
Case #59: [W, P, F]
Case #60: [R]
Case #61: [R, Z, W, R, F, W, R, S, R]
Case #62: [S]
Case #63: [A, A, A, A, A, A, A, A, A, A]
Case #64: [S, Q, Q, R, A, R, M, R, A]
Case #65: [F]
Case #66: [A, Q, S, M, E, Q, E, W, F]
Case #67: [S, I, W, E, D, D, I, D]
Case #68: [S, A]
Case #69: [U, S, U, S, W, F, R, A]
Case #70: [R, Q, F]
Case #71: [A, Y, A]
Case #72: [A, E, Q, W, Q, A, Q, N, F]
Case #73: [N, R, S, Q, D, F, R, Q, Q]
Case #74: []
Case #75: [S]
Case #76: [W, E, S, R, E, R, R, E, C]
Case #77: [F, Q]
Case #78: [D, F, Q, R]
Case #79: [E, D]
Case #80: [Y, D, R, D, R, W, W, F, A]
Case #81: [D, L]
Case #82: []
Case #83: [S, D, F, S]
Case #84: [S]
Case #85: [C, F, A, Q, D, D, D, A, S]
Case #86: [R, E, Q, R, Y, A]
Case #87: []
Case #88: [D, E, A, F, D, E, A, R, S]
Case #89: []
Case #90: [D, M, S, A, W, S, R, S, D]
Case #91: [S, R, Q, D, F, N]
Case #92: [R, W, Q, J, W, A, Q, R, E]
Case #93: [D, D, R, E, K, A, R, D, E]
Case #94: [E, R, S, R, E, Z, S, F, F]
Case #95: [W, W, J, R, A, W, F, F, W]
Case #96: [F, W]
Case #97: [S, Q, Q, M, F, R, F, W, R]
Case #98: [D, R, P, P, S]
Case #99: [D]
Case #100: [A, E, D, S]
