Case #1: ur language is impossible to understand
Case #2: there are twenty six factorial possibilities
Case #3: so it is okay if you want to just give up
Case #4: xoggk d yl wxo vkkvgo ekso uyl wonw sywy
Case #5: xkf yto akj
Case #6: yabba dabba yabba dabba yabba dabba yabba dabba yabba dabba yabba dabba yabba dabba yabba dooooooooo
Case #7: a b c d e f g h i j k l m n o p q r s t u v y w x y z now i know my abcs
Case #8: next time wont you sing with me
Case #9: whoooooooooooooooooooaaaaaaaaa i know c plus plus
Case #10: swift as the wind quiet as the forest steady as the mountain
Case #11: f of two equals f of one equals one
Case #12: for i between three and n f of i equals f of i minus one plus f of i minus two
Case #13: an eye for an eye and a pigeon for a pigeon
Case #14: oh hai im in ur computer eating your cheezburgers and googleresing your textz
Case #15: this here is gunpowder activated twenty seven caliber full auto no kickback nailthrowing mayhem
Case #16: why do programmers always mix up halloween and christmas
Case #17: im commander shepard and this is my favorite problem on the google code jam
Case #18: for those who speak in a tongue do not speak to other people
Case #19: nobody understands them since they are speaking mysteries in the spirit
Case #20: by the pricking of my thumbs something wicked this way comes
Case #21: how are you holding up because im a potato
Case #22: oh yeah alright were gonna shake it up with the party bear tonight
Case #23: oh nooooo goggalor is headed for the orphanage
Case #24: oh my god lets make out
Case #25: it was the best of times it was the blurst of times
Case #26: friends dont let friends let scientific progress go boink
Case #27: this is so exciting i have to go the bathroom
Case #28: in a world of direwolves and lions sometimes the rarest creature is a friend
Case #29: right i forgot here in the states you call it a sausage in the mouth
Case #30: pneumonoultramicroscopicsilicovolcanoconiosis
